<?xml version="1.0" encoding="UTF-8"?>
<!-- Generated by org.testng.reporters.JUnitReportReporter -->
<testsuite skipped="0" hostname="Saikiran" name="scripts.TestInvalidLogin" tests="1" failures="0" timestamp="13 Feb 2018 05:40:34 GMT" time="15.859" errors="0">
  <testcase name="testInavalidLogin" time="15.859" classname="scripts.TestInvalidLogin"/>
</testsuite> <!-- scripts.TestInvalidLogin -->
