<?xml version="1.0" encoding="UTF-8"?>
<!-- Generated by org.testng.reporters.JUnitReportReporter -->
<testsuite skipped="0" hostname="Saikiran" name="scripts.TestValidLogin" tests="1" failures="0" timestamp="09 Feb 2018 07:17:27 GMT" time="15.571" errors="0">
  <testcase name="testValidLogin" time="15.571" classname="scripts.TestValidLogin"/>
</testsuite> <!-- scripts.TestValidLogin -->
